2023-09-26 00:58:38,880 INFO o.a.j.u.JMeterUtils: Setting Locale to en_EN
2023-09-26 00:58:38,904 INFO o.a.j.JMeter: Loading user properties from: /usr/local/Cellar/jmeter/5.6.2/libexec/bin/user.properties
2023-09-26 00:58:38,905 INFO o.a.j.JMeter: Loading system properties from: /usr/local/Cellar/jmeter/5.6.2/libexec/bin/system.properties
2023-09-26 00:58:38,911 INFO o.a.j.JMeter: Copyright (c) 1998-2023 The Apache Software Foundation
2023-09-26 00:58:38,911 INFO o.a.j.JMeter: Version 5.6.2
2023-09-26 00:58:38,911 INFO o.a.j.JMeter: java.version=17.0.8
2023-09-26 00:58:38,911 INFO o.a.j.JMeter: java.vm.name=OpenJDK 64-Bit Server VM
2023-09-26 00:58:38,911 INFO o.a.j.JMeter: os.name=Mac OS X
2023-09-26 00:58:38,911 INFO o.a.j.JMeter: os.arch=x86_64
2023-09-26 00:58:38,911 INFO o.a.j.JMeter: os.version=13.5.2
2023-09-26 00:58:38,911 INFO o.a.j.JMeter: file.encoding=UTF-8
2023-09-26 00:58:38,911 INFO o.a.j.JMeter: java.awt.headless=null
2023-09-26 00:58:38,911 INFO o.a.j.JMeter: Max memory     =1073741824
2023-09-26 00:58:38,911 INFO o.a.j.JMeter: Available Processors =12
2023-09-26 00:58:38,918 INFO o.a.j.JMeter: Default Locale=English (EN)
2023-09-26 00:58:38,918 INFO o.a.j.JMeter: JMeter  Locale=English (EN)
2023-09-26 00:58:38,918 INFO o.a.j.JMeter: JMeterHome=/usr/local/Cellar/jmeter/5.6.2/libexec
2023-09-26 00:58:38,919 INFO o.a.j.JMeter: user.dir  =/Users/rajkumar.tunuguntla/GitHub_Test/GitHub_Test3
2023-09-26 00:58:38,919 INFO o.a.j.JMeter: PWD       =/Users/rajkumar.tunuguntla/GitHub_Test/GitHub_Test3
2023-09-26 00:58:38,920 INFO o.a.j.JMeter: IP: 192.168.1.7 Name: MHYD0BC184B2 FullName: 192.168.1.7
2023-09-26 00:58:38,933 INFO o.a.j.JMeter: Loaded icon properties from org/apache/jmeter/images/icon.properties
2023-09-26 00:58:39,343 INFO o.a.j.JMeterGuiLauncher: Setting LAF to: com.github.weisj.darklaf.DarkLaf:com.github.weisj.darklaf.theme.IntelliJTheme
2023-09-26 00:58:40,791 INFO o.a.j.r.ClassFinder: Will scan jar /usr/local/Cellar/jmeter/5.6.2/libexec/lib/ext/jmeter-plugins-manager-1.9.jar with filter ExtendsClassFilter [parents=[interface org.apache.jmeter.gui.action.Command], inner=false, contains=null, notContains=null]. Consider exposing JMeter plugins via META-INF/services, and add JMeter-Skip-Class-Scanning=true manifest attribute so JMeter can skip classfile scanning
2023-09-26 00:58:40,869 INFO o.a.j.r.ClassFinder: Will scan jar /usr/local/Cellar/jmeter/5.6.2/libexec/lib/ext/jmeter-plugins-random-csv-data-set-0.8.jar with filter ExtendsClassFilter [parents=[interface org.apache.jmeter.gui.action.Command], inner=false, contains=null, notContains=null]. Consider exposing JMeter plugins via META-INF/services, and add JMeter-Skip-Class-Scanning=true manifest attribute so JMeter can skip classfile scanning
2023-09-26 00:58:40,928 INFO o.a.j.r.ClassFinder: Will scan jar /usr/local/Cellar/jmeter/5.6.2/libexec/lib/ext/jmeter-plugins-manager-1.9.jar with filter ExtendsClassFilter [parents=[interface org.apache.jmeter.gui.plugin.MenuCreator], inner=false, contains=null, notContains=null]. Consider exposing JMeter plugins via META-INF/services, and add JMeter-Skip-Class-Scanning=true manifest attribute so JMeter can skip classfile scanning
2023-09-26 00:58:40,930 INFO o.a.j.r.ClassFinder: Will scan jar /usr/local/Cellar/jmeter/5.6.2/libexec/lib/ext/jmeter-plugins-random-csv-data-set-0.8.jar with filter ExtendsClassFilter [parents=[interface org.apache.jmeter.gui.plugin.MenuCreator], inner=false, contains=null, notContains=null]. Consider exposing JMeter plugins via META-INF/services, and add JMeter-Skip-Class-Scanning=true manifest attribute so JMeter can skip classfile scanning
2023-09-26 00:58:41,028 INFO o.j.r.JARSourceHTTP: Requesting https://jmeter-plugins.org/repo/?installID=mac_os_x-99fe8673ecc9c79e6491255ca4eec449-gui
2023-09-26 00:58:45,660 INFO o.j.r.PluginManager: Plugins Status: [jpgc-plugins-manager=1.9, bzm-random-csv=0.8, jmeter-core=5.6.2, jmeter-ftp=5.6.2, jmeter-http=5.6.2, jmeter-jdbc=5.6.2, jmeter-jms=5.6.2, jmeter-junit=5.6.2, jmeter-java=5.6.2, jmeter-ldap=5.6.2, jmeter-mail=5.6.2, jmeter-mongodb=5.6.2, jmeter-native=5.6.2, jmeter-tcp=5.6.2, jmeter-components=5.6.2]
2023-09-26 00:58:45,661 INFO o.j.r.PluginManagerMenuItem: Plugins Manager has upgrades: [jpgc-plugins-manager]
2023-09-26 01:06:20,526 INFO o.a.j.s.FileServer: Default base='/Users/rajkumar.tunuguntla/GitHub_Test/GitHub_Test3'
2023-09-26 01:06:20,529 INFO o.a.j.g.a.Load: Loading file: /Users/rajkumar.tunuguntla/apache-jmeter-5.4/MyWorkspace/Devops-Script/WorkSpace/Devops_2.0_devopss1.jmx
2023-09-26 01:06:20,529 INFO o.a.j.s.FileServer: Set new base='/Users/rajkumar.tunuguntla/apache-jmeter-5.4/MyWorkspace/Devops-Script/WorkSpace'
2023-09-26 01:06:20,687 INFO o.a.j.s.SaveService: Testplan (JMX) version: 2.2. Testlog (JTL) version: 2.2
2023-09-26 01:06:20,695 INFO o.a.j.s.SaveService: Using SaveService properties version 5.0
2023-09-26 01:06:20,697 INFO o.a.j.s.SaveService: Using SaveService properties file encoding UTF-8
2023-09-26 01:06:20,698 INFO o.a.j.s.SaveService: Loading file: /Users/rajkumar.tunuguntla/apache-jmeter-5.4/MyWorkspace/Devops-Script/WorkSpace/Devops_2.0_devopss1.jmx
2023-09-26 01:06:20,897 INFO o.a.j.p.h.s.HTTPSamplerBase: Parser for text/html is org.apache.jmeter.protocol.http.parser.LagartoBasedHtmlParser
2023-09-26 01:06:20,897 INFO o.a.j.p.h.s.HTTPSamplerBase: Parser for application/xhtml+xml is org.apache.jmeter.protocol.http.parser.LagartoBasedHtmlParser
2023-09-26 01:06:20,897 INFO o.a.j.p.h.s.HTTPSamplerBase: Parser for application/xml is org.apache.jmeter.protocol.http.parser.LagartoBasedHtmlParser
2023-09-26 01:06:20,897 INFO o.a.j.p.h.s.HTTPSamplerBase: Parser for text/xml is org.apache.jmeter.protocol.http.parser.LagartoBasedHtmlParser
2023-09-26 01:06:20,897 INFO o.a.j.p.h.s.HTTPSamplerBase: Parser for text/vnd.wap.wml is org.apache.jmeter.protocol.http.parser.RegexpHTMLParser
2023-09-26 01:06:20,898 INFO o.a.j.p.h.s.HTTPSamplerBase: Parser for text/css is org.apache.jmeter.protocol.http.parser.CssParser
2023-09-26 01:06:22,572 INFO o.a.j.s.SampleResult: Note: Sample TimeStamps are START times
2023-09-26 01:06:22,573 INFO o.a.j.s.SampleResult: sampleresult.default.encoding is set to UTF-8
2023-09-26 01:06:22,573 INFO o.a.j.s.SampleResult: sampleresult.useNanoTime=true
2023-09-26 01:06:22,573 INFO o.a.j.s.SampleResult: sampleresult.nanoThreadSleep=5000
2023-09-26 01:06:22,732 INFO o.a.j.r.ClassFinder: Will scan jar /usr/local/Cellar/jmeter/5.6.2/libexec/lib/ext/jmeter-plugins-manager-1.9.jar with filter ExtendsClassFilter [parents=[interface org.apache.jmeter.visualizers.ResultRenderer], inner=false, contains=null, notContains=null]. Consider exposing JMeter plugins via META-INF/services, and add JMeter-Skip-Class-Scanning=true manifest attribute so JMeter can skip classfile scanning
2023-09-26 01:06:22,735 INFO o.a.j.r.ClassFinder: Will scan jar /usr/local/Cellar/jmeter/5.6.2/libexec/lib/ext/jmeter-plugins-random-csv-data-set-0.8.jar with filter ExtendsClassFilter [parents=[interface org.apache.jmeter.visualizers.ResultRenderer], inner=false, contains=null, notContains=null]. Consider exposing JMeter plugins via META-INF/services, and add JMeter-Skip-Class-Scanning=true manifest attribute so JMeter can skip classfile scanning
2023-09-26 01:06:22,751 INFO o.a.j.r.ClassFinder: Will scan jar /usr/local/Cellar/jmeter/5.6.2/libexec/lib/ext/jmeter-plugins-manager-1.9.jar with filter ExtendsClassFilter [parents=[interface org.apache.jmeter.visualizers.RequestView], inner=false, contains=null, notContains=null]. Consider exposing JMeter plugins via META-INF/services, and add JMeter-Skip-Class-Scanning=true manifest attribute so JMeter can skip classfile scanning
2023-09-26 01:06:22,752 INFO o.a.j.r.ClassFinder: Will scan jar /usr/local/Cellar/jmeter/5.6.2/libexec/lib/ext/jmeter-plugins-random-csv-data-set-0.8.jar with filter ExtendsClassFilter [parents=[interface org.apache.jmeter.visualizers.RequestView], inner=false, contains=null, notContains=null]. Consider exposing JMeter plugins via META-INF/services, and add JMeter-Skip-Class-Scanning=true manifest attribute so JMeter can skip classfile scanning
2023-09-26 01:06:22,803 INFO o.a.j.s.FileServer: Set new base='/Users/rajkumar.tunuguntla/apache-jmeter-5.4/MyWorkspace/Devops-Script/WorkSpace'
2023-09-26 01:09:01,018 INFO o.a.j.e.StandardJMeterEngine: Running the test!
2023-09-26 01:09:01,019 INFO o.a.j.s.SampleEvent: List of sample_variables: []
2023-09-26 01:09:01,019 INFO o.a.j.s.SampleEvent: List of sample_variables: []
2023-09-26 01:09:01,020 INFO o.a.j.e.u.CompoundVariable: Note: Function class names must contain the string: '.functions.'
2023-09-26 01:09:01,021 INFO o.a.j.e.u.CompoundVariable: Note: Function class names must not contain the string: '.gui.'
2023-09-26 01:09:01,046 INFO o.a.j.r.ClassFinder: Will scan jar /usr/local/Cellar/jmeter/5.6.2/libexec/lib/ext/jmeter-plugins-manager-1.9.jar with filter ExtendsClassFilter [parents=[interface org.apache.jmeter.functions.Function], inner=false, contains=null, notContains=null]. Consider exposing JMeter plugins via META-INF/services, and add JMeter-Skip-Class-Scanning=true manifest attribute so JMeter can skip classfile scanning
2023-09-26 01:09:01,047 INFO o.a.j.r.ClassFinder: Will scan jar /usr/local/Cellar/jmeter/5.6.2/libexec/lib/ext/jmeter-plugins-random-csv-data-set-0.8.jar with filter ExtendsClassFilter [parents=[interface org.apache.jmeter.functions.Function], inner=false, contains=null, notContains=null]. Consider exposing JMeter plugins via META-INF/services, and add JMeter-Skip-Class-Scanning=true manifest attribute so JMeter can skip classfile scanning
2023-09-26 01:09:01,056 INFO c.b.c.RandomCSVReader: Start reading the file: /Users/rajkumar.tunuguntla/apache-jmeter-5.4/MyWorkspace/Devops-Script/WorkSpace/SN_Devops_Repository_GitlabSNC.csv
2023-09-26 01:09:01,209 INFO c.b.c.RandomCSVReader: Reading finished. Found 20160 records in your csv file
2023-09-26 01:09:01,209 INFO c.b.c.RandomCSVReader: Start reading the file: /Users/rajkumar.tunuguntla/apache-jmeter-5.4/MyWorkspace/Devops-Script/WorkSpace/sn_devops_pipeline.csv
2023-09-26 01:09:01,212 INFO c.b.c.RandomCSVReader: Reading finished. Found 651 records in your csv file
2023-09-26 01:09:01,212 INFO c.b.c.RandomCSVReader: Start reading the file: /Users/rajkumar.tunuguntla/apache-jmeter-5.4/MyWorkspace/Devops-Script/WorkSpace/SN_Devops_Repository_GitlabSNC.csv
2023-09-26 01:09:01,356 INFO c.b.c.RandomCSVReader: Reading finished. Found 20160 records in your csv file
2023-09-26 01:09:01,359 INFO o.a.j.g.u.JMeterMenuBar: setRunning(true, *local*)
2023-09-26 01:09:01,420 INFO o.a.j.e.StandardJMeterEngine: Starting ThreadGroup: 1 : Jenkins
2023-09-26 01:09:01,420 INFO o.a.j.e.StandardJMeterEngine: Starting 1 threads for group Jenkins.
2023-09-26 01:09:01,420 INFO o.a.j.e.StandardJMeterEngine: Thread will start next loop on error
2023-09-26 01:09:01,421 INFO o.a.j.t.ThreadGroup: Starting thread group... number=1 threads=1 ramp-up=18 delayedStart=false
2023-09-26 01:09:01,423 INFO o.a.j.t.ThreadGroup: Started thread group number 1
2023-09-26 01:09:01,423 INFO o.a.j.e.StandardJMeterEngine: All thread groups have been started
2023-09-26 01:09:01,426 INFO o.a.j.t.JMeterThread: Thread started: Jenkins 1-1
2023-09-26 01:09:01,431 INFO o.a.j.s.FileServer: Stored: Sonar_scanID.csv
2023-09-26 01:09:01,437 INFO o.a.j.s.FileServer: Stored: Participants.csv
2023-09-26 01:09:01,438 INFO o.a.j.s.FileServer: Stored: pipeline_steps.csv
2023-09-26 01:09:01,985 INFO o.a.j.p.h.s.HTTPJavaImpl: Maximum connection retries = 0
2023-09-26 01:09:01,986 INFO o.a.j.u.JsseSSLManager: Using default SSL protocol: TLS
2023-09-26 01:09:01,986 INFO o.a.j.u.JsseSSLManager: SSL session context: per-thread
2023-09-26 01:09:01,990 INFO o.a.j.u.SSLManager: JmeterKeyStore Location:  type JKS
2023-09-26 01:09:01,991 INFO o.a.j.u.SSLManager: KeyStore created OK
2023-09-26 01:09:01,991 WARN o.a.j.u.SSLManager: Keystore file not found, loading empty keystore
2023-09-26 01:18:36,363 INFO o.a.j.t.JMeterThread: Thread is done: Jenkins 1-1
2023-09-26 01:18:36,364 INFO o.a.j.t.JMeterThread: Thread finished: Jenkins 1-1
2023-09-26 01:18:36,365 INFO o.a.j.e.StandardJMeterEngine: Notifying test listeners of end of test
2023-09-26 01:18:36,366 INFO o.a.j.s.FileServer: Close: pipeline_steps.csv
2023-09-26 01:18:36,366 INFO o.a.j.s.FileServer: Close: Sonar_scanID.csv
2023-09-26 01:18:36,366 INFO o.a.j.s.FileServer: Close: Participants.csv
2023-09-26 01:18:36,371 INFO o.a.j.g.u.JMeterMenuBar: setRunning(false, *local*)
2023-09-26 02:16:29,754 INFO o.a.j.e.StandardJMeterEngine: Running the test!
2023-09-26 02:16:29,757 INFO o.a.j.s.SampleEvent: List of sample_variables: []
2023-09-26 02:16:29,762 INFO c.b.c.RandomCSVReader: Start reading the file: /Users/rajkumar.tunuguntla/apache-jmeter-5.4/MyWorkspace/Devops-Script/WorkSpace/SN_Devops_Repository_GitlabSNC.csv
2023-09-26 02:16:29,935 INFO c.b.c.RandomCSVReader: Reading finished. Found 20160 records in your csv file
2023-09-26 02:16:29,935 INFO c.b.c.RandomCSVReader: Start reading the file: /Users/rajkumar.tunuguntla/apache-jmeter-5.4/MyWorkspace/Devops-Script/WorkSpace/sn_devops_pipeline.csv
2023-09-26 02:16:29,948 INFO c.b.c.RandomCSVReader: Reading finished. Found 651 records in your csv file
2023-09-26 02:16:29,948 INFO c.b.c.RandomCSVReader: Start reading the file: /Users/rajkumar.tunuguntla/apache-jmeter-5.4/MyWorkspace/Devops-Script/WorkSpace/SN_Devops_Repository_GitlabSNC.csv
2023-09-26 02:16:30,079 INFO c.b.c.RandomCSVReader: Reading finished. Found 20160 records in your csv file
2023-09-26 02:16:30,080 INFO o.a.j.g.u.JMeterMenuBar: setRunning(true, *local*)
2023-09-26 02:16:30,230 INFO o.a.j.e.StandardJMeterEngine: Starting ThreadGroup: 1 : Jenkins
2023-09-26 02:16:30,230 INFO o.a.j.e.StandardJMeterEngine: Starting 1 threads for group Jenkins.
2023-09-26 02:16:30,230 INFO o.a.j.e.StandardJMeterEngine: Thread will start next loop on error
2023-09-26 02:16:30,230 INFO o.a.j.t.ThreadGroup: Starting thread group... number=1 threads=1 ramp-up=18 delayedStart=false
2023-09-26 02:16:30,232 INFO o.a.j.t.ThreadGroup: Started thread group number 1
2023-09-26 02:16:30,232 INFO o.a.j.e.StandardJMeterEngine: All thread groups have been started
2023-09-26 02:16:30,234 INFO o.a.j.t.JMeterThread: Thread started: Jenkins 1-1
2023-09-26 02:16:30,235 INFO o.a.j.s.FileServer: Stored: Sonar_scanID.csv
2023-09-26 02:16:30,247 INFO o.a.j.s.FileServer: Stored: Participants.csv
2023-09-26 02:16:30,248 INFO o.a.j.s.FileServer: Stored: pipeline_steps.csv
2023-09-26 02:24:47,318 INFO o.a.j.t.JMeterThread: Thread is done: Jenkins 1-1
2023-09-26 02:24:47,319 INFO o.a.j.t.JMeterThread: Thread finished: Jenkins 1-1
2023-09-26 02:24:47,320 INFO o.a.j.e.StandardJMeterEngine: Notifying test listeners of end of test
2023-09-26 02:24:47,320 INFO o.a.j.s.FileServer: Close: pipeline_steps.csv
2023-09-26 02:24:47,321 INFO o.a.j.s.FileServer: Close: Sonar_scanID.csv
2023-09-26 02:24:47,321 INFO o.a.j.s.FileServer: Close: Participants.csv
2023-09-26 02:24:47,321 INFO o.a.j.g.u.JMeterMenuBar: setRunning(false, *local*)
2023-09-26 02:27:50,451 INFO o.a.j.e.StandardJMeterEngine: Running the test!
2023-09-26 02:27:50,451 INFO o.a.j.s.SampleEvent: List of sample_variables: []
2023-09-26 02:27:50,467 INFO c.b.c.RandomCSVReader: Start reading the file: /Users/rajkumar.tunuguntla/apache-jmeter-5.4/MyWorkspace/Devops-Script/WorkSpace/SN_Devops_Repository_GitlabSNC.csv
2023-09-26 02:27:50,617 INFO c.b.c.RandomCSVReader: Reading finished. Found 20160 records in your csv file
2023-09-26 02:27:50,618 INFO c.b.c.RandomCSVReader: Start reading the file: /Users/rajkumar.tunuguntla/apache-jmeter-5.4/MyWorkspace/Devops-Script/WorkSpace/SN_Devops_Repository_GitlabSNC.csv
2023-09-26 02:27:50,749 INFO c.b.c.RandomCSVReader: Reading finished. Found 20160 records in your csv file
2023-09-26 02:27:50,750 INFO c.b.c.RandomCSVReader: Start reading the file: /Users/rajkumar.tunuguntla/apache-jmeter-5.4/MyWorkspace/Devops-Script/WorkSpace/sn_devops_pipeline.csv
2023-09-26 02:27:50,752 INFO c.b.c.RandomCSVReader: Reading finished. Found 651 records in your csv file
2023-09-26 02:27:50,752 INFO c.b.c.RandomCSVReader: Start reading the file: /Users/rajkumar.tunuguntla/apache-jmeter-5.4/MyWorkspace/Devops-Script/WorkSpace/SN_Devops_Repository_GitlabSNC.csv
2023-09-26 02:27:50,872 INFO c.b.c.RandomCSVReader: Reading finished. Found 20160 records in your csv file
2023-09-26 02:27:50,873 INFO c.b.c.RandomCSVReader: Start reading the file: /Users/rajkumar.tunuguntla/apache-jmeter-5.4/MyWorkspace/Devops-Script/WorkSpace/SN_Devops_Repository_GitlabSNC.csv
2023-09-26 02:27:50,995 INFO c.b.c.RandomCSVReader: Reading finished. Found 20160 records in your csv file
2023-09-26 02:27:50,995 INFO c.b.c.RandomCSVReader: Start reading the file: /Users/rajkumar.tunuguntla/apache-jmeter-5.4/MyWorkspace/Devops-Script/WorkSpace/SN_Devops_Repository_GitlabSNC.csv
2023-09-26 02:27:51,114 INFO c.b.c.RandomCSVReader: Reading finished. Found 20160 records in your csv file
2023-09-26 02:27:51,114 INFO o.a.j.g.u.JMeterMenuBar: setRunning(true, *local*)
2023-09-26 02:27:51,185 INFO o.a.j.e.StandardJMeterEngine: Starting ThreadGroup: 1 : Jira
2023-09-26 02:27:51,185 INFO o.a.j.e.StandardJMeterEngine: Starting 1 threads for group Jira.
2023-09-26 02:27:51,185 INFO o.a.j.e.StandardJMeterEngine: Thread will start next loop on error
2023-09-26 02:27:51,185 INFO o.a.j.t.ThreadGroup: Starting thread group... number=1 threads=1 ramp-up=18 delayedStart=false
2023-09-26 02:27:51,186 INFO o.a.j.t.ThreadGroup: Started thread group number 1
2023-09-26 02:27:51,186 INFO o.a.j.e.StandardJMeterEngine: Starting ThreadGroup: 2 : Gitlab
2023-09-26 02:27:51,186 INFO o.a.j.e.StandardJMeterEngine: Starting 1 threads for group Gitlab.
2023-09-26 02:27:51,186 INFO o.a.j.e.StandardJMeterEngine: Thread will start next loop on error
2023-09-26 02:27:51,186 INFO o.a.j.t.ThreadGroup: Starting thread group... number=2 threads=1 ramp-up=18 delayedStart=false
2023-09-26 02:27:51,186 INFO o.a.j.t.JMeterThread: Thread started: Jira 1-1
2023-09-26 02:27:51,187 INFO o.a.j.t.ThreadGroup: Started thread group number 2
2023-09-26 02:27:51,187 INFO o.a.j.e.StandardJMeterEngine: Starting ThreadGroup: 3 : ADO
2023-09-26 02:27:51,187 INFO o.a.j.e.StandardJMeterEngine: Starting 1 threads for group ADO.
2023-09-26 02:27:51,187 INFO o.a.j.e.StandardJMeterEngine: Thread will start next loop on error
2023-09-26 02:27:51,187 INFO o.a.j.t.ThreadGroup: Starting thread group... number=3 threads=1 ramp-up=18 delayedStart=false
2023-09-26 02:27:51,188 INFO o.a.j.t.JMeterThread: Thread started: Gitlab 2-1
2023-09-26 02:27:51,189 INFO o.a.j.s.FileServer: Stored: GitLab_Pipeline_Numbers.csv
2023-09-26 02:27:51,194 INFO o.a.j.s.FileServer: Stored: Participants.csv
2023-09-26 02:27:51,194 INFO o.a.j.t.ThreadGroup: Started thread group number 3
2023-09-26 02:27:51,194 INFO o.a.j.e.StandardJMeterEngine: Starting ThreadGroup: 4 : Jenkins
2023-09-26 02:27:51,195 INFO o.a.j.e.StandardJMeterEngine: Starting 1 threads for group Jenkins.
2023-09-26 02:27:51,195 INFO o.a.j.e.StandardJMeterEngine: Thread will start next loop on error
2023-09-26 02:27:51,195 INFO o.a.j.t.ThreadGroup: Starting thread group... number=4 threads=1 ramp-up=18 delayedStart=false
2023-09-26 02:27:51,195 INFO o.a.j.s.FileServer: Stored: ADO_pipeline_steps.csv
2023-09-26 02:27:51,197 INFO o.a.j.t.ThreadGroup: Started thread group number 4
2023-09-26 02:27:51,197 INFO o.a.j.e.StandardJMeterEngine: Starting ThreadGroup: 5 : BitBucket
2023-09-26 02:27:51,197 INFO o.a.j.s.FileServer: Stored: ADO_sn_devops_pipeline.csv
2023-09-26 02:27:51,197 INFO o.a.j.e.StandardJMeterEngine: Starting 1 threads for group BitBucket.
2023-09-26 02:27:51,197 INFO o.a.j.e.StandardJMeterEngine: Thread will start next loop on error
2023-09-26 02:27:51,197 INFO o.a.j.t.ThreadGroup: Starting thread group... number=5 threads=1 ramp-up=18 delayedStart=false
2023-09-26 02:27:51,198 INFO o.a.j.t.ThreadGroup: Started thread group number 5
2023-09-26 02:27:51,198 INFO o.a.j.e.StandardJMeterEngine: Starting ThreadGroup: 6 : TableAPI
2023-09-26 02:27:51,198 INFO o.a.j.e.StandardJMeterEngine: Starting 1 threads for group TableAPI.
2023-09-26 02:27:51,198 INFO o.a.j.e.StandardJMeterEngine: Thread will start next loop on error
2023-09-26 02:27:51,198 INFO o.a.j.t.ThreadGroup: Starting thread group... number=6 threads=1 ramp-up=18 delayedStart=false
2023-09-26 02:27:51,198 INFO o.a.j.t.JMeterThread: Thread started: ADO 3-1
2023-09-26 02:27:51,199 INFO o.a.j.t.ThreadGroup: Started thread group number 6
2023-09-26 02:27:51,199 INFO o.a.j.e.StandardJMeterEngine: All thread groups have been started
2023-09-26 02:27:51,199 INFO o.a.j.s.FileServer: Stored: ADO_Commit.csv
2023-09-26 02:27:51,199 INFO o.a.j.t.JMeterThread: Thread started: BitBucket 5-1
2023-09-26 02:27:51,199 INFO o.a.j.t.JMeterThread: Thread started: TableAPI 6-1
2023-09-26 02:27:51,201 WARN o.a.j.p.h.s.HTTPSamplerBase: Existing AuthManager HTTP Authorization Manager superseded by HTTP Authorization Manager
2023-09-26 02:27:51,204 INFO o.a.j.t.JMeterThread: Thread started: Jenkins 4-1
2023-09-26 02:27:51,205 INFO o.a.j.s.FileServer: Stored: Sonar_scanID.csv
2023-09-26 02:27:51,206 INFO o.a.j.s.FileServer: Stored: pipeline_steps.csv
2023-09-26 02:27:53,974 INFO o.a.j.e.J.JSR223 PostProcessor: >>>>>>>>>>>>451334875
2023-09-26 02:27:53,974 INFO o.a.j.e.J.JSR223 PostProcessor: >>>>>>>>>>>>451334876
2023-09-26 02:27:53,974 INFO o.a.j.e.J.JSR223 PostProcessor: >>>>>>>>>>>>451334877
2023-09-26 02:28:51,012 INFO o.a.j.t.JMeterThread: Thread is done: BitBucket 5-1
2023-09-26 02:28:51,013 INFO o.a.j.t.JMeterThread: Thread finished: BitBucket 5-1
2023-09-26 02:28:53,618 INFO o.a.j.g.a.Start: Shutting test down
2023-09-26 02:28:53,639 INFO o.a.j.t.JMeterThread: Stopping: Jira 1-1
2023-09-26 02:28:53,639 INFO o.a.j.t.JMeterThread: Stopping: Gitlab 2-1
2023-09-26 02:28:53,639 INFO o.a.j.t.JMeterThread: Stopping: ADO 3-1
2023-09-26 02:28:53,639 INFO o.a.j.t.JMeterThread: Stopping: Jenkins 4-1
2023-09-26 02:28:53,640 INFO o.a.j.t.JMeterThread: Stopping: TableAPI 6-1
2023-09-26 02:28:59,472 INFO o.a.j.t.JMeterThread: Thread finished: Jira 1-1
2023-09-26 02:29:07,323 INFO o.a.j.t.JMeterThread: Thread finished: ADO 3-1
2023-09-26 02:29:16,864 INFO o.a.j.t.JMeterThread: Thread finished: Gitlab 2-1
2023-09-26 02:29:19,991 INFO o.a.j.t.JMeterThread: Thread finished: Jenkins 4-1
2023-09-26 02:29:19,996 INFO o.a.j.t.JMeterThread: Thread finished: TableAPI 6-1
2023-09-26 02:29:19,996 INFO o.a.j.e.StandardJMeterEngine: Notifying test listeners of end of test
2023-09-26 02:29:19,996 INFO o.a.j.s.FileServer: Close: ADO_Commit.csv
2023-09-26 02:29:19,997 INFO o.a.j.s.FileServer: Close: ADO_pipeline_steps.csv
2023-09-26 02:29:19,997 INFO o.a.j.s.FileServer: Close: pipeline_steps.csv
2023-09-26 02:29:19,997 INFO o.a.j.s.FileServer: Close: Sonar_scanID.csv
2023-09-26 02:29:19,997 INFO o.a.j.s.FileServer: Close: GitLab_Pipeline_Numbers.csv
2023-09-26 02:29:19,997 INFO o.a.j.s.FileServer: Close: Participants.csv
2023-09-26 02:29:19,997 INFO o.a.j.s.FileServer: Close: ADO_sn_devops_pipeline.csv
2023-09-26 02:29:19,998 INFO o.a.j.g.u.JMeterMenuBar: setRunning(false, *local*)
2023-09-26 02:29:43,342 INFO o.a.j.e.StandardJMeterEngine: Running the test!
2023-09-26 02:29:43,343 INFO o.a.j.s.SampleEvent: List of sample_variables: []
2023-09-26 02:29:43,352 INFO c.b.c.RandomCSVReader: Start reading the file: /Users/rajkumar.tunuguntla/apache-jmeter-5.4/MyWorkspace/Devops-Script/WorkSpace/SN_Devops_Repository_GitlabSNC.csv
2023-09-26 02:29:43,475 INFO c.b.c.RandomCSVReader: Reading finished. Found 20160 records in your csv file
2023-09-26 02:29:43,475 INFO c.b.c.RandomCSVReader: Start reading the file: /Users/rajkumar.tunuguntla/apache-jmeter-5.4/MyWorkspace/Devops-Script/WorkSpace/SN_Devops_Repository_GitlabSNC.csv
2023-09-26 02:29:43,594 INFO c.b.c.RandomCSVReader: Reading finished. Found 20160 records in your csv file
2023-09-26 02:29:43,594 INFO c.b.c.RandomCSVReader: Start reading the file: /Users/rajkumar.tunuguntla/apache-jmeter-5.4/MyWorkspace/Devops-Script/WorkSpace/sn_devops_pipeline.csv
2023-09-26 02:29:43,595 INFO c.b.c.RandomCSVReader: Reading finished. Found 651 records in your csv file
2023-09-26 02:29:43,595 INFO c.b.c.RandomCSVReader: Start reading the file: /Users/rajkumar.tunuguntla/apache-jmeter-5.4/MyWorkspace/Devops-Script/WorkSpace/SN_Devops_Repository_GitlabSNC.csv
2023-09-26 02:29:43,719 INFO c.b.c.RandomCSVReader: Reading finished. Found 20160 records in your csv file
2023-09-26 02:29:43,719 INFO c.b.c.RandomCSVReader: Start reading the file: /Users/rajkumar.tunuguntla/apache-jmeter-5.4/MyWorkspace/Devops-Script/WorkSpace/SN_Devops_Repository_GitlabSNC.csv
2023-09-26 02:29:43,847 INFO c.b.c.RandomCSVReader: Reading finished. Found 20160 records in your csv file
2023-09-26 02:29:43,848 INFO c.b.c.RandomCSVReader: Start reading the file: /Users/rajkumar.tunuguntla/apache-jmeter-5.4/MyWorkspace/Devops-Script/WorkSpace/SN_Devops_Repository_GitlabSNC.csv
2023-09-26 02:29:43,976 INFO c.b.c.RandomCSVReader: Reading finished. Found 20160 records in your csv file
2023-09-26 02:29:43,983 INFO o.a.j.g.u.JMeterMenuBar: setRunning(true, *local*)
2023-09-26 02:29:44,040 INFO o.a.j.e.StandardJMeterEngine: Starting ThreadGroup: 1 : Jira
2023-09-26 02:29:44,046 INFO o.a.j.e.StandardJMeterEngine: Starting 1 threads for group Jira.
2023-09-26 02:29:44,046 INFO o.a.j.e.StandardJMeterEngine: Thread will start next loop on error
2023-09-26 02:29:44,047 INFO o.a.j.t.ThreadGroup: Starting thread group... number=1 threads=1 ramp-up=18 delayedStart=false
2023-09-26 02:29:44,047 INFO o.a.j.t.ThreadGroup: Started thread group number 1
2023-09-26 02:29:44,047 INFO o.a.j.e.StandardJMeterEngine: Starting ThreadGroup: 2 : Gitlab
2023-09-26 02:29:44,047 INFO o.a.j.e.StandardJMeterEngine: Starting 1 threads for group Gitlab.
2023-09-26 02:29:44,047 INFO o.a.j.e.StandardJMeterEngine: Thread will start next loop on error
2023-09-26 02:29:44,047 INFO o.a.j.t.ThreadGroup: Starting thread group... number=2 threads=1 ramp-up=18 delayedStart=false
2023-09-26 02:29:44,047 INFO o.a.j.t.JMeterThread: Thread started: Jira 1-1
2023-09-26 02:29:44,048 INFO o.a.j.t.ThreadGroup: Started thread group number 2
2023-09-26 02:29:44,048 INFO o.a.j.e.StandardJMeterEngine: Starting ThreadGroup: 3 : ADO
2023-09-26 02:29:44,048 INFO o.a.j.e.StandardJMeterEngine: Starting 1 threads for group ADO.
2023-09-26 02:29:44,048 INFO o.a.j.e.StandardJMeterEngine: Thread will start next loop on error
2023-09-26 02:29:44,048 INFO o.a.j.t.ThreadGroup: Starting thread group... number=3 threads=1 ramp-up=18 delayedStart=false
2023-09-26 02:29:44,049 INFO o.a.j.t.JMeterThread: Thread started: Gitlab 2-1
2023-09-26 02:29:44,049 INFO o.a.j.s.FileServer: Stored: GitLab_Pipeline_Numbers.csv
2023-09-26 02:29:44,050 INFO o.a.j.s.FileServer: Stored: Participants.csv
2023-09-26 02:29:44,051 INFO o.a.j.s.FileServer: Stored: ADO_pipeline_steps.csv
2023-09-26 02:29:44,051 INFO o.a.j.s.FileServer: Stored: ADO_sn_devops_pipeline.csv
2023-09-26 02:29:44,053 INFO o.a.j.t.ThreadGroup: Started thread group number 3
2023-09-26 02:29:44,053 INFO o.a.j.e.StandardJMeterEngine: Starting ThreadGroup: 4 : Jenkins
2023-09-26 02:29:44,053 INFO o.a.j.e.StandardJMeterEngine: Starting 1 threads for group Jenkins.
2023-09-26 02:29:44,053 INFO o.a.j.e.StandardJMeterEngine: Thread will start next loop on error
2023-09-26 02:29:44,054 INFO o.a.j.t.ThreadGroup: Starting thread group... number=4 threads=1 ramp-up=18 delayedStart=false
2023-09-26 02:29:44,056 INFO o.a.j.t.ThreadGroup: Started thread group number 4
2023-09-26 02:29:44,056 INFO o.a.j.e.StandardJMeterEngine: Starting ThreadGroup: 5 : BitBucket
2023-09-26 02:29:44,056 INFO o.a.j.e.StandardJMeterEngine: Starting 1 threads for group BitBucket.
2023-09-26 02:29:44,056 INFO o.a.j.e.StandardJMeterEngine: Thread will start next loop on error
2023-09-26 02:29:44,056 INFO o.a.j.t.ThreadGroup: Starting thread group... number=5 threads=1 ramp-up=18 delayedStart=false
2023-09-26 02:29:44,056 INFO o.a.j.t.ThreadGroup: Started thread group number 5
2023-09-26 02:29:44,056 INFO o.a.j.e.StandardJMeterEngine: Starting ThreadGroup: 6 : TableAPI
2023-09-26 02:29:44,056 INFO o.a.j.e.StandardJMeterEngine: Starting 1 threads for group TableAPI.
2023-09-26 02:29:44,056 INFO o.a.j.e.StandardJMeterEngine: Thread will start next loop on error
2023-09-26 02:29:44,057 INFO o.a.j.t.ThreadGroup: Starting thread group... number=6 threads=1 ramp-up=18 delayedStart=false
2023-09-26 02:29:44,057 INFO o.a.j.t.JMeterThread: Thread started: BitBucket 5-1
2023-09-26 02:29:44,057 INFO o.a.j.t.ThreadGroup: Started thread group number 6
2023-09-26 02:29:44,057 INFO o.a.j.e.StandardJMeterEngine: All thread groups have been started
2023-09-26 02:29:44,058 INFO o.a.j.t.JMeterThread: Thread started: TableAPI 6-1
2023-09-26 02:29:44,059 WARN o.a.j.p.h.s.HTTPSamplerBase: Existing AuthManager HTTP Authorization Manager superseded by HTTP Authorization Manager
2023-09-26 02:29:44,059 INFO o.a.j.t.JMeterThread: Thread started: ADO 3-1
2023-09-26 02:29:44,060 INFO o.a.j.s.FileServer: Stored: ADO_Commit.csv
2023-09-26 02:29:44,062 INFO o.a.j.t.JMeterThread: Thread started: Jenkins 4-1
2023-09-26 02:29:44,063 INFO o.a.j.s.FileServer: Stored: Sonar_scanID.csv
2023-09-26 02:29:44,064 INFO o.a.j.s.FileServer: Stored: pipeline_steps.csv
2023-09-26 02:29:48,009 INFO o.a.j.e.J.JSR223 PostProcessor: >>>>>>>>>>>>617089091
2023-09-26 02:29:48,010 INFO o.a.j.e.J.JSR223 PostProcessor: >>>>>>>>>>>>617089092
2023-09-26 02:29:48,010 INFO o.a.j.e.J.JSR223 PostProcessor: >>>>>>>>>>>>617089093
2023-09-26 02:30:47,296 INFO o.a.j.t.JMeterThread: Thread is done: Jira 1-1
2023-09-26 02:30:47,296 INFO o.a.j.t.JMeterThread: Thread finished: Jira 1-1
2023-09-26 02:30:52,735 ERROR o.a.j.u.BeanShellInterpreter: Error invoking bsh method: eval	Sourced file: inline evaluation of: ``int i = Integer.parseInt(vars.get(859509532).trim());'' : Typed variable declaration : Error in method invocation: Method get( int ) not found in class'org.apache.jmeter.threads.JMeterVariables'
2023-09-26 02:30:52,735 WARN o.a.j.m.BeanShellPreProcessor: Problem in BeanShell script. org.apache.jorphan.util.JMeterException: Error invoking bsh method: eval	Sourced file: inline evaluation of: ``int i = Integer.parseInt(vars.get(859509532).trim());'' : Typed variable declaration : Error in method invocation: Method get( int ) not found in class'org.apache.jmeter.threads.JMeterVariables'
2023-09-26 02:31:13,927 INFO o.a.j.t.JMeterThread: Thread is done: BitBucket 5-1
2023-09-26 02:31:13,928 INFO o.a.j.t.JMeterThread: Thread finished: BitBucket 5-1
2023-09-26 02:32:08,896 INFO o.a.j.t.JMeterThread: Thread is done: TableAPI 6-1
2023-09-26 02:32:08,897 INFO o.a.j.t.JMeterThread: Thread finished: TableAPI 6-1
2023-09-26 02:34:33,817 INFO o.a.j.t.JMeterThread: Thread is done: Gitlab 2-1
2023-09-26 02:34:33,818 INFO o.a.j.t.JMeterThread: Thread finished: Gitlab 2-1
2023-09-26 02:42:00,684 INFO o.a.j.t.JMeterThread: Thread is done: ADO 3-1
2023-09-26 02:42:00,685 INFO o.a.j.t.JMeterThread: Thread finished: ADO 3-1
2023-09-26 02:51:20,673 INFO o.a.j.t.JMeterThread: Thread is done: Jenkins 4-1
2023-09-26 02:51:20,674 INFO o.a.j.t.JMeterThread: Thread finished: Jenkins 4-1
2023-09-26 02:51:20,675 INFO o.a.j.e.StandardJMeterEngine: Notifying test listeners of end of test
2023-09-26 02:51:20,675 INFO o.a.j.s.FileServer: Close: ADO_Commit.csv
2023-09-26 02:51:20,676 INFO o.a.j.s.FileServer: Close: ADO_pipeline_steps.csv
2023-09-26 02:51:20,676 INFO o.a.j.s.FileServer: Close: pipeline_steps.csv
2023-09-26 02:51:20,677 INFO o.a.j.s.FileServer: Close: Sonar_scanID.csv
2023-09-26 02:51:20,677 INFO o.a.j.s.FileServer: Close: GitLab_Pipeline_Numbers.csv
2023-09-26 02:51:20,677 INFO o.a.j.s.FileServer: Close: Participants.csv
2023-09-26 02:51:20,677 INFO o.a.j.s.FileServer: Close: ADO_sn_devops_pipeline.csv
2023-09-26 02:51:20,678 INFO o.a.j.g.u.JMeterMenuBar: setRunning(false, *local*)
